WekhedApp/app/build/intermediates/manifest_merge_blame_file/release/manifest-merger-blame-release-report.txt
1<?xml version="1.0" encoding="utf-8"?>
2<manifest xmlns:android="http://schemas.android.com/apk/res/android"
3    package="ir.wekhed.wekhed"
4    android:versionCode="90"
5    android:versionName="9.0" >
6
7    <uses-sdk
8        android:minSdkVersion="16"
8-->src/main/AndroidManifest.xml
9        android:targetSdkVersion="32" />
9-->src/main/AndroidManifest.xml
10
11    <uses-permission android:name="android.permission.INTERNET" />
11-->src/main/AndroidManifest.xml:5:5-67
11-->src/main/AndroidManifest.xml:5:22-64
12    <uses-permission android:name="android.permission.WRITE_EXTERNAL_STORAGE" />
12-->src/main/AndroidManifest.xml:6:5-81
12-->src/main/AndroidManifest.xml:6:22-78
13    <uses-permission android:name="android.permission.CAMERA" />
13-->src/main/AndroidManifest.xml:7:5-65
13-->src/main/AndroidManifest.xml:7:22-62
14    <uses-permission android:name="android.permission.RECORD_AUDIO" />
14-->src/main/AndroidManifest.xml:8:5-71
14-->src/main/AndroidManifest.xml:8:22-68
15    <uses-permission android:name="android.permission.ACCESS_WIFI_STATE" />
15-->src/main/AndroidManifest.xml:9:5-76
15-->src/main/AndroidManifest.xml:9:22-73
16    <uses-permission android:name="android.permission.ACCESS_NETWORK_STATE" />
16-->src/main/AndroidManifest.xml:10:5-79
16-->src/main/AndroidManifest.xml:10:22-76
17
18    <application
18-->src/main/AndroidManifest.xml:12:5-77:19
19        android:allowBackup="true"
19-->src/main/AndroidManifest.xml:13:9-35
20        android:appComponentFactory="androidx.core.app.CoreComponentFactory"
20-->[androidx.core:core:1.3.1] AndroidManifest.xml:24:18-86
21        android:icon="@mipmap/ic_logo3_round"
21-->src/main/AndroidManifest.xml:14:9-46
22        android:label="@string/app_name"
22-->src/main/AndroidManifest.xml:16:9-41
23        android:roundIcon="@mipmap/ic_logo3_round"
23-->src/main/AndroidManifest.xml:17:9-51
24        android:supportsRtl="true"
24-->src/main/AndroidManifest.xml:18:9-35
25        android:theme="@style/Theme.WekhedApp"
25-->src/main/AndroidManifest.xml:19:9-47
26        android:usesCleartextTraffic="true" >
26-->src/main/AndroidManifest.xml:15:9-44
27        <activity
27-->src/main/AndroidManifest.xml:20:9-22:40
28            android:name="ir.wekhed.wekhed.ConnectionFailed"
28-->src/main/AndroidManifest.xml:21:13-45
29            android:exported="false" />
29-->src/main/AndroidManifest.xml:22:13-37
30        <activity
30-->src/main/AndroidManifest.xml:23:9-31:20
31            android:name="ir.wekhed.wekhed.Splash"
31-->src/main/AndroidManifest.xml:24:13-35
32            android:exported="true" >
32-->src/main/AndroidManifest.xml:25:13-36
33            <intent-filter>
33-->src/main/AndroidManifest.xml:26:13-30:29
34                <action android:name="android.intent.action.MAIN" />
34-->src/main/AndroidManifest.xml:27:17-69
34-->src/main/AndroidManifest.xml:27:25-66
35
36                <category android:name="android.intent.category.LAUNCHER" />
36-->src/main/AndroidManifest.xml:29:17-77
36-->src/main/AndroidManifest.xml:29:27-74
37            </intent-filter>
38        </activity>
39        <activity
39-->src/main/AndroidManifest.xml:32:9-76:20
40            android:name="ir.wekhed.wekhed.MainActivity"
40-->src/main/AndroidManifest.xml:33:13-41
41            android:exported="true" >
41-->src/main/AndroidManifest.xml:34:13-36
42            <intent-filter>
42-->src/main/AndroidManifest.xml:36:13-45:29
43                <action android:name="android.intent.action.VIEW" />
43-->src/main/AndroidManifest.xml:37:17-69
43-->src/main/AndroidManifest.xml:37:25-66
44
45                <category android:name="android.intent.category.DEFAULT" />
45-->src/main/AndroidManifest.xml:39:17-76
45-->src/main/AndroidManifest.xml:39:27-73
46                <category android:name="android.intent.category.BROWSABLE" />
46-->src/main/AndroidManifest.xml:40:17-78
46-->src/main/AndroidManifest.xml:40:27-75
47
48                <data
48-->src/main/AndroidManifest.xml:42:17-44:46
49                    android:host="wekhed.ir"
49-->src/main/AndroidManifest.xml:43:21-45
50                    android:scheme="https" />
50-->src/main/AndroidManifest.xml:44:21-43
51            </intent-filter>
52            <intent-filter>
52-->src/main/AndroidManifest.xml:46:13-55:29
53                <action android:name="android.intent.action.VIEW" />
53-->src/main/AndroidManifest.xml:37:17-69
53-->src/main/AndroidManifest.xml:37:25-66
54
55                <category android:name="android.intent.category.DEFAULT" />
55-->src/main/AndroidManifest.xml:39:17-76
55-->src/main/AndroidManifest.xml:39:27-73
56                <category android:name="android.intent.category.BROWSABLE" />
56-->src/main/AndroidManifest.xml:40:17-78
56-->src/main/AndroidManifest.xml:40:27-75
57
58                <data
58-->src/main/AndroidManifest.xml:42:17-44:46
59                    android:host="wekhed.ir"
59-->src/main/AndroidManifest.xml:43:21-45
60                    android:scheme="http" />
60-->src/main/AndroidManifest.xml:44:21-43
61            </intent-filter>
62            <intent-filter>
62-->src/main/AndroidManifest.xml:56:13-65:29
63                <action android:name="android.intent.action.VIEW" />
63-->src/main/AndroidManifest.xml:37:17-69
63-->src/main/AndroidManifest.xml:37:25-66
64
65                <category android:name="android.intent.category.DEFAULT" />
65-->src/main/AndroidManifest.xml:39:17-76
65-->src/main/AndroidManifest.xml:39:27-73
66                <category android:name="android.intent.category.BROWSABLE" />
66-->src/main/AndroidManifest.xml:40:17-78
66-->src/main/AndroidManifest.xml:40:27-75
67
68                <data
68-->src/main/AndroidManifest.xml:42:17-44:46
69                    android:host="www.wekhed.ir"
69-->src/main/AndroidManifest.xml:43:21-45
70                    android:scheme="http" />
70-->src/main/AndroidManifest.xml:44:21-43
71            </intent-filter>
72            <intent-filter>
72-->src/main/AndroidManifest.xml:66:13-75:29
73                <action android:name="android.intent.action.VIEW" />
73-->src/main/AndroidManifest.xml:37:17-69
73-->src/main/AndroidManifest.xml:37:25-66
74
75                <category android:name="android.intent.category.DEFAULT" />
75-->src/main/AndroidManifest.xml:39:17-76
75-->src/main/AndroidManifest.xml:39:27-73
76                <category android:name="android.intent.category.BROWSABLE" />
76-->src/main/AndroidManifest.xml:40:17-78
76-->src/main/AndroidManifest.xml:40:27-75
77
78                <data
78-->src/main/AndroidManifest.xml:42:17-44:46
79                    android:host="www.wekhed.ir"
79-->src/main/AndroidManifest.xml:43:21-45
80                    android:scheme="https" />
80-->src/main/AndroidManifest.xml:44:21-43
81            </intent-filter>
82        </activity>
83    </application>
84
85</manifest>